[0815/123547.870:ERROR:process_info.cc(329)] VirtualQueryEx: Access is denied. (0x5)
[0815/123547.871:ERROR:process_info.cc(556)] ReadMemoryInfo failed
[0815/123547.869:ERROR:process_reader_win.cc(123)] NtOpenThread: {Access Denied} A process has requested access to an object, but has not been granted those access rights. (0xc0000022)
[0815/123547.891:ERROR:exception_snapshot_win.cc(98)] thread ID 20720 not found in process
[0815/123547.871:ERROR:scoped_process_suspend.cc(40)] NtResumeProcess: An attempt was made to access an exiting process. (0xc000010a)
[0815/123548.022:ERROR:process_reader_win.cc(151)] SuspendThread: Access is denied. (0x5)
[0815/123548.023:ERROR:process_reader_win.cc(151)] SuspendThread: Access is denied. (0x5)
[0815/123548.040:ERROR:process_reader_win.cc(151)] SuspendThread: Access is denied. (0x5)
[0815/123548.040:ERROR:process_reader_win.cc(123)] NtOpenThread: {Access Denied} A process has requested access to an object, but has not been granted those access rights. (0xc0000022)
[0815/123548.040:ERROR:exception_snapshot_win.cc(98)] thread ID 22164 not found in process
[0815/124110.224:ERROR:process_reader_win.cc(151)] SuspendThread: Access is denied. (0x5)
[0815/124110.224:ERROR:process_reader_win.cc(151)] SuspendThread: Access is denied. (0x5)
[0815/124110.224:ERROR:process_reader_win.cc(123)] NtOpenThread: {Access Denied} A process has requested access to an object, but has not been granted those access rights. (0xc0000022)
[0815/124110.225:ERROR:exception_snapshot_win.cc(98)] thread ID 10516 not found in process
[0815/124110.253:ERROR:process_reader_win.cc(151)] SuspendThread: Access is denied. (0x5)
[0815/124110.253:ERROR:process_reader_win.cc(123)] NtOpenThread: {Access Denied} A process has requested access to an object, but has not been granted those access rights. (0xc0000022)
[0815/124110.253:ERROR:exception_snapshot_win.cc(98)] thread ID 23252 not found in process
[0815/124110.255:ERROR:process_reader_win.cc(151)] SuspendThread: Access is denied. (0x5)
[0815/124110.255:ERROR:process_reader_win.cc(151)] SuspendThread: Access is denied. (0x5)
[0815/124110.255:ERROR:process_reader_win.cc(151)] SuspendThread: Access is denied. (0x5)
[0815/124110.255:ERROR:process_reader_win.cc(151)] SuspendThread: Access is denied. (0x5)
[0815/124110.255:ERROR:process_reader_win.cc(123)] NtOpenThread: {Access Denied} A process has requested access to an object, but has not been granted those access rights. (0xc0000022)
[0815/124110.255:ERROR:exception_snapshot_win.cc(98)] thread ID 18424 not found in process
[0815/124110.285:ERROR:process_reader_win.cc(123)] NtOpenThread: {Access Denied} A process has requested access to an object, but has not been granted those access rights. (0xc0000022)
[0815/124110.285:ERROR:exception_snapshot_win.cc(98)] thread ID 16724 not found in process
